{
  "stats": {
    "suites": 4,
    "tests": 3,
    "passes": 3,
    "pending": 0,
    "failures": 0,
    "start": "2023-10-09T12:01:36.494Z",
    "end": "2023-10-09T12:01:36.646Z",
    "duration": 152,
    "testsRegistered": 3,
    "passPercent": 100,
    "pendingPercent": 0,
    "other": 0,
    "hasOther": false,
    "skipped": 0,
    "hasSkipped": false
  },
  "results": [
    {
      "uuid": "51e50b85-a492-44c1-813e-d59db4df7eb9",
      "title": "",
      "fullFile": "",
      "file": "",
      "beforeHooks": [],
      "afterHooks": [],
      "tests": [],
      "suites": [
        {
          "uuid": "fdf057b7-8ad4-4f03-a392-798e57013a38",
          "title": "GET /subscribers APl",
          "fullFile": "C:\\Users\\user\\Desktop\\test\\Subscribers-Mongo-Node-BoilerPlate-main\\__tests__\\tests.js",
          "file": "\\__tests__\\tests.js",
          "beforeHooks": [],
          "afterHooks": [],
          "tests": [],
          "suites": [
            {
              "uuid": "a3b28f4d-acbe-4f9d-8b9e-79520ee9ddf7",
              "title": "GET /subscribers",
              "fullFile": "C:\\Users\\user\\Desktop\\test\\Subscribers-Mongo-Node-BoilerPlate-main\\__tests__\\tests.js",
              "file": "\\__tests__\\tests.js",
              "beforeHooks": [],
              "afterHooks": [],
              "tests": [
                {
                  "title": "should get all subscribers",
                  "fullTitle": "GET /subscribers APl GET /subscribers should get all subscribers",
                  "timedOut": false,
                  "duration": 77,
                  "state": "passed",
                  "speed": "slow",
                  "pass": true,
                  "fail": false,
                  "pending": false,
                  "context": null,
                  "code": "chai.request(app)\n.get('/subscribers')\n.end((err, res)=>{\n if(err) return done(err);\n expect (res).to.have.status(200);\n expect(res.body).to.be.an('array');\n done();\n});",
                  "err": {},
                  "uuid": "699d1e1f-db94-4ab2-9250-ebc637b09816",
                  "parentUUID": "a3b28f4d-acbe-4f9d-8b9e-79520ee9ddf7",
                  "isHook": false,
                  "skipped": false
                }
              ],
              "suites": [],
              "passes": [
                "699d1e1f-db94-4ab2-9250-ebc637b09816"
              ],
              "failures": [],
              "pending": [],
              "skipped": [],
              "duration": 77,
              "root": false,
              "rootEmpty": false,
              "_timeout": 60000
            },
            {
              "uuid": "aa6e2570-bdd1-4edf-a8cb-5f65ee680044",
              "title": "GET /subscribers,names",
              "fullFile": "C:\\Users\\user\\Desktop\\test\\Subscribers-Mongo-Node-BoilerPlate-main\\__tests__\\tests.js",
              "file": "\\__tests__\\tests.js",
              "beforeHooks": [],
              "afterHooks": [],
              "tests": [
                {
                  "title": "should get all subscribers naem and channel",
                  "fullTitle": "GET /subscribers APl GET /subscribers,names should get all subscribers naem and channel",
                  "timedOut": false,
                  "duration": 16,
                  "state": "passed",
                  "speed": "fast",
                  "pass": true,
                  "fail": false,
                  "pending": false,
                  "context": null,
                  "code": "chai.request(app)\n.get('/subscribers/names')\n.end((err, res)=>{\n if(err) return done(err);\n expect (res).to.have.status(200);\n expect(res.body).to.be.an('array');\n done();\n});",
                  "err": {},
                  "uuid": "b75f2cdb-b719-41de-8a01-6a1e79df5ff3",
                  "parentUUID": "aa6e2570-bdd1-4edf-a8cb-5f65ee680044",
                  "isHook": false,
                  "skipped": false
                }
              ],
              "suites": [],
              "passes": [
                "b75f2cdb-b719-41de-8a01-6a1e79df5ff3"
              ],
              "failures": [],
              "pending": [],
              "skipped": [],
              "duration": 16,
              "root": false,
              "rootEmpty": false,
              "_timeout": 60000
            },
            {
              "uuid": "0a3f5821-c295-4ddf-a229-8951a83d6862",
              "title": "GET /subscriber/:id",
              "fullFile": "C:\\Users\\user\\Desktop\\test\\Subscribers-Mongo-Node-BoilerPlate-main\\__tests__\\tests.js",
              "file": "\\__tests__\\tests.js",
              "beforeHooks": [],
              "afterHooks": [],
              "tests": [
                {
                  "title": "should get perticular subscriber by id",
                  "fullTitle": "GET /subscribers APl GET /subscriber/:id should get perticular subscriber by id",
                  "timedOut": false,
                  "duration": 27,
                  "state": "passed",
                  "speed": "fast",
                  "pass": true,
                  "fail": false,
                  "pending": false,
                  "context": null,
                  "code": "//get the suscriber from collection\nconst subscriber=await Subscriber.findOne();\n//confirm the susbcriber to be found\nif(!subscriber){\n  throw new Error('No subscriber found.');\n}\n//get the id from the fetched document\nconst subscriberId=subscriber._id.toString();\n//make request through chai-http\nconst response=await chai.request(app).get(`/subscribers/${subscriberId}`);\n//Assertions\nexpect(response).to.have.status(200);\nexpect(response.body).to.have.property('_id', subscriberId);",
                  "err": {},
                  "uuid": "bacc480d-68a2-47e5-868d-b7b7766d966a",
                  "parentUUID": "0a3f5821-c295-4ddf-a229-8951a83d6862",
                  "isHook": false,
                  "skipped": false
                }
              ],
              "suites": [],
              "passes": [
                "bacc480d-68a2-47e5-868d-b7b7766d966a"
              ],
              "failures": [],
              "pending": [],
              "skipped": [],
              "duration": 27,
              "root": false,
              "rootEmpty": false,
              "_timeout": 60000
            }
          ],
          "passes": [],
          "failures": [],
          "pending": [],
          "skipped": [],
          "duration": 0,
          "root": false,
          "rootEmpty": false,
          "_timeout": 60000
        }
      ],
      "passes": [],
      "failures": [],
      "pending": [],
      "skipped": [],
      "duration": 0,
      "root": true,
      "rootEmpty": true,
      "_timeout": 60000
    }
  ],
  "meta": {
    "mocha": {
      "version": "8.4.0"
    },
    "mochawesome": {
      "options": {
        "quiet": false,
        "reportFilename": "mochawesome",
        "saveHtml": true,
        "saveJson": true,
        "consoleReporter": "spec",
        "useInlineDiffs": false,
        "code": true
      },
      "version": "6.1.1"
    },
    "marge": {
      "options": null,
      "version": "5.1.0"
    }
  }
}